Copyright 1986-2022 Xilinx, Inc. All Rights Reserved. Copyright 2022-2023 Advanced Micro Devices, Inc. All Rights Reserved.
---------------------------------------------------------------------------------------------------------------------------------------------
| Tool Version : Vivado v.2023.2 (win64) Build 4029153 Fri Oct 13 20:14:34 MDT 2023
| Date         : Mon Jul  8 01:19:09 2024
| Host         : DESKTOP-3L0O9A2 running 64-bit major release  (build 9200)
| Command      : report_control_sets -verbose -file PICO_RECLAMA_control_sets_placed.rpt
| Design       : PICO_RECLAMA
| Device       : xc7a35t
---------------------------------------------------------------------------------------------------------------------------------------------

Control Set Information

Table of Contents
-----------------
1. Summary
2. Histogram
3. Flip-Flop Distribution
4. Detailed Control Set Information

1. Summary
----------

+----------------------------------------------------------+-------+
|                          Status                          | Count |
+----------------------------------------------------------+-------+
| Total control sets                                       |     5 |
|    Minimum number of control sets                        |     5 |
|    Addition due to synthesis replication                 |     0 |
|    Addition due to physical synthesis replication        |     0 |
| Unused register locations in slices containing registers |    24 |
+----------------------------------------------------------+-------+
* Control sets can be merged at opt_design using control_set_merge or merge_equivalent_drivers
** Run report_qor_suggestions for automated merging and remapping suggestions


2. Histogram
------------

+--------------------+-------+
|       Fanout       | Count |
+--------------------+-------+
| Total control sets |     5 |
| >= 0 to < 4        |     2 |
| >= 4 to < 6        |     2 |
| >= 6 to < 8        |     0 |
| >= 8 to < 10       |     0 |
| >= 10 to < 12      |     0 |
| >= 12 to < 14      |     0 |
| >= 14 to < 16      |     0 |
| >= 16              |     1 |
+--------------------+-------+
* Control sets can be remapped at either synth_design or opt_design


3. Flip-Flop Distribution
-------------------------

+--------------+-----------------------+------------------------+-----------------+--------------+
| Clock Enable | Synchronous Set/Reset | Asynchronous Set/Reset | Total Registers | Total Slices |
+--------------+-----------------------+------------------------+-----------------+--------------+
| No           | No                    | No                     |              95 |           26 |
| No           | No                    | Yes                    |               0 |            0 |
| No           | Yes                   | No                     |               9 |            3 |
| Yes          | No                    | No                     |               0 |            0 |
| Yes          | No                    | Yes                    |               0 |            0 |
| Yes          | Yes                   | No                     |               0 |            0 |
+--------------+-----------------------+------------------------+-----------------+--------------+


4. Detailed Control Set Information
-----------------------------------

+---------------------------+---------------+--------------------------------+------------------+----------------+--------------+
|        Clock Signal       | Enable Signal |        Set/Reset Signal        | Slice Load Count | Bel Load Count | Bels / Slice |
+---------------------------+---------------+--------------------------------+------------------+----------------+--------------+
|  C2/C1/C1/S[0]            |               |                                |                1 |              1 |         1.00 |
|  C2/C2/C1/count_reg[24]_0 |               |                                |                1 |              3 |         3.00 |
|  C2/C2/C1/count_reg[24]_0 |               | C2/C3/C2/counter[3]_i_1__0_n_0 |                1 |              4 |         4.00 |
|  C2/C4/C1/CLK             |               | C2/C4/C2/clear                 |                2 |              5 |         2.50 |
|  CLK_IBUF_BUFG            |               |                                |               24 |             91 |         3.79 |
+---------------------------+---------------+--------------------------------+------------------+----------------+--------------+


